<?xml version="1.0" encoding="UTF-8"?>
<!-- Generated by org.testng.reporters.JUnitReportReporter -->
<testsuite skipped="0" hostname="DESKTOP-0RUK80T" name="tests.Test" tests="1" failures="0" timestamp="18 May 2019 19:32:11 GMT" time="15.551" errors="0">
  <testcase name="testCase001" time="15.551" classname="tests.Test"/>
</testsuite> <!-- tests.Test -->
