<?xml version="1.0" encoding="UTF-8"?>
<!-- Generated by org.testng.reporters.JUnitReportReporter -->
<testsuite skipped="0" hostname="DESKTOP-0RUK80T" name="tests.ProceedForCheckOut" tests="1" failures="0" timestamp="18 May 2019 19:47:57 GMT" time="14.396" errors="0">
  <testcase name="proceedForCheckOutWithOutLogin" time="14.396" classname="tests.ProceedForCheckOut"/>
</testsuite> <!-- tests.ProceedForCheckOut -->
